[2021-04-30 13:09:14][INFO] Larix, anisdal, NORA10BC site 21, 0 km away
[2021-04-30 13:18:23][INFO] Larix, anisdal, NORA10BC site 21, 0 km away
[2021-04-30 13:19:29][INFO] Larix, engjane, NORA10BC site 27, 0 km away
[2021-04-30 13:22:39][INFO] Larix, haalandsbotn, NORA10BC site 22, 0 km away
[2021-04-30 13:23:31][INFO] Larix, hoegaas, NORA10BC site 29, 0 km away
[2021-04-30 13:24:17][INFO] Larix, hyljafjellet, NORA10BC site 27, 0 km away
[2021-04-30 13:26:54][INFO] Larix, indre-bjotveit, NORA10BC site 19, 0 km away
[2021-04-30 13:28:27][INFO] Larix, knappeidet, NORA10BC site 13, 0 km away
[2021-04-30 13:29:37][INFO] Larix, myrvoll, NORA10BC site 30, 0 km away
[2021-04-30 13:31:49][INFO] Larix, oaland, NORA10BC site 31, 0 km away
[2021-04-30 13:34:24][INFO] Larix, roeynaasen, NORA10BC site 23, 0 km away
[2021-04-30 13:35:12][INFO] Larix, stordalslia, eKlima station no. 77230, 6 km away
[2021-04-30 13:36:10][INFO] Larix, storemo, NORA10BC site 24, 0 km away
[2021-04-30 13:37:01][INFO] Larix, toegjefjellet, NORA10BC site 25, 0 km away
[2021-04-30 13:38:02][INFO] Larix, voren, NORA10BC site 26, 0 km away
[2021-04-30 13:39:14][INFO] Larix, ytre-bjotveit, NORA10BC site 3, 0 km away
[2021-04-30 13:40:41][INFO] P.abies, boerve, NORA10BC site 1, 0 km away
[2021-04-30 13:50:28][INFO] P.abies, bondhusdalen, NORA10BC site 9, 0 km away
[2021-04-30 13:53:19][INFO] P.abies, efteland, NORA10BC site 35, 0 km away
[2021-04-30 13:59:00][INFO] P.abies, hjelmtveit, NORA10BC site 6, 0 km away
[2021-04-30 14:10:35][INFO] P.abies, indre-arna, NORA10BC site 11, 0 km away
[2021-04-30 14:22:28][INFO] P.abies, kvamskogen, NORA10BC site 16, 0 km away
[2021-04-30 14:26:03][INFO] P.abies, myklebostad, NORA10 site 53, 0 km away
[2021-04-30 14:33:50][INFO] P.abies, myrvoll, NORA10BC site 30, 0 km away
[2021-04-30 14:37:43][INFO] P.abies, mysingveien, NORA10BC site 32, 0 km away
[2021-04-30 14:41:57][INFO] P.abies, oeystese, NORA10BC site 4, 0 km away
[2021-04-30 14:53:24][INFO] P.abies, ollestad, NORA10BC site 33, 0 km away
[2021-04-30 14:58:37][INFO] P.abies, rosendal, NORA10BC site 18, 0 km away
[2021-04-30 15:04:25][INFO] P.abies, saeboe, NORA10BC site 10, 0 km away
[2021-04-30 15:07:15][INFO] P.abies, skare, NORA10BC site 2, 0 km away
[2021-04-30 15:13:41][INFO] P.abies, storbergan, NORA10 site 73, 0 km away
[2021-04-30 15:21:13][INFO] P.abies, svinnes, eKlima station no. 76530, 4 km away
[2021-04-30 15:22:23][INFO] P.abies, tennes, NORA10 site 54, 0 km away
[2021-04-30 15:35:23][INFO] P.abies, varland, NORA10BC site 34, 0 km away
[2021-04-30 15:36:51][INFO] P.abies, vasshjallane, NORA10BC site 5, 0 km away
[2021-04-30 15:44:27][INFO] P.contorta, fiskvikrokkdalen, NORA10BC site 47, 0 km away
[2021-04-30 15:50:12][INFO] P.contorta, gulemyrane, NORA10BC site 48, 0 km away
[2021-04-30 15:52:01][INFO] P.contorta, selvik, NORA10BC site 49, 0 km away
[2021-04-30 15:54:13][INFO] P.contorta, skarsheia, NORA10BC site 50, 0 km away
[2021-04-30 15:54:52][INFO] P.contorta, sollitangen, NORA10BC site 51, 0 km away
[2021-04-30 15:58:01][INFO] P.contorta, tomasmyra, NORA10BC site 52, 0 km away
[2021-04-30 15:58:46][INFO] P.sitchensis-lutzii, aarheia, NORA10BC site 39, 0 km away
[2021-04-30 16:16:25][INFO] P.sitchensis-lutzii, alstahaugmyran, eKlima station no. 76750, 7 km away
[2021-04-30 16:33:40][INFO] P.sitchensis-lutzii, dale, NORA10BC site 36, 0 km away
[2021-04-30 16:38:36][INFO] P.sitchensis-lutzii, fjoesne, NORA10BC site 37, 0 km away
[2021-04-30 16:39:56][INFO] P.sitchensis-lutzii, foersvoll, NORA10BC site 40, 0 km away
[2021-04-30 16:44:59][INFO] P.sitchensis-lutzii, fuglavasstoppen, NORA10BC site 12, 0 km away
[2021-04-30 16:48:07][INFO] P.sitchensis-lutzii, gryttingdalen-oest, eKlima station no. 86600, 7 km away
[2021-04-30 16:51:59][INFO] P.sitchensis-lutzii, gryttingdalen-vest, eKlima station no. 86600, 7 km away
[2021-04-30 16:56:50][INFO] P.sitchensis-lutzii, haakoeya, eKlima station no. 90490, 6 km away
[2021-04-30 17:02:39][INFO] P.sitchensis-lutzii, hagheia, eKlima station no. 85560, 3 km away
[2021-04-30 17:16:41][INFO] P.sitchensis-lutzii, hamran, eKlima station no. 76330, 4 km away
[2021-04-30 17:23:40][INFO] P.sitchensis-lutzii, harteigen, eKlima station no. 85560, 7 km away
[2021-04-30 17:32:15][INFO] P.sitchensis-lutzii, holmsnes-nordvest, eKlima station no. 86600, 8 km away
[2021-04-30 17:35:47][INFO] P.sitchensis-lutzii, holmsnes-soeroest, eKlima station no. 86600, 7 km away
[2021-04-30 17:35:55][INFO] P.sitchensis-lutzii, hommeland, NORA10BC site 41, 0 km away
[2021-04-30 17:43:23][INFO] P.sitchensis-lutzii, hov, eKlima station no. 86600, 4 km away
[2021-04-30 17:43:43][INFO] P.sitchensis-lutzii, hyljafjellet, NORA10BC site 27, 0 km away
[2021-04-30 17:46:07][INFO] P.sitchensis-lutzii, kausland, NORA10BC site 15, 0 km away
[2021-04-30 17:48:04][INFO] P.sitchensis-lutzii, kvia, NORA10BC site 38, 0 km away
[2021-04-30 17:51:16][INFO] P.sitchensis-lutzii, kvitefjella, NORA10BC site 14, 0 km away
[2021-04-30 18:03:38][INFO] P.sitchensis-lutzii, langvassfjellet, NORA10 site 66, 0 km away
[2021-04-30 18:07:03][INFO] P.sitchensis-lutzii, meaasen, NORA10 site 67, 0 km away
[2021-04-30 18:14:36][INFO] P.sitchensis-lutzii, midtre-fjell, NORA10BC site 7, 0 km away
[2021-04-30 18:17:14][INFO] P.sitchensis-lutzii, misje, NORA10BC site 17, 0 km away
[2021-04-30 18:19:57][INFO] P.sitchensis-lutzii, myrmo, eKlima station no. 76750, 6 km away
[2021-04-30 18:35:39][INFO] P.sitchensis-lutzii, oaland, NORA10BC site 31, 0 km away
[2021-04-30 18:37:29][INFO] P.sitchensis-lutzii, oevre-manger, NORA10BC site 8, 0 km away
[2021-04-30 18:42:33][INFO] P.sitchensis-lutzii, olabergan, NORA10 site 69, 0 km away
[2021-04-30 18:45:28][INFO] P.sitchensis-lutzii, plogskjaeret, NORA10 site 70, 0 km away
[2021-04-30 18:49:06][INFO] P.sitchensis-lutzii, raavollmarka, eKlima station no. 86600, 3 km away
[2021-04-30 19:01:42][INFO] P.sitchensis-lutzii, roeynaasen, NORA10BC site 23, 0 km away
[2021-04-30 19:07:25][INFO] P.sitchensis-lutzii, sandmoan, NORA10 site 71, 0 km away
[2021-04-30 19:15:23][INFO] P.sitchensis-lutzii, sandve, NORA10BC site 46, 0 km away
[2021-04-30 19:16:57][INFO] P.sitchensis-lutzii, skorphella, NORA10BC site 43, 0 km away
[2021-04-30 19:18:38][INFO] P.sitchensis-lutzii, starebakkane, NORA10BC site 44, 0 km away
[2021-04-30 19:19:51][INFO] P.sitchensis-lutzii, steinaasen, NORA10 site 72, 0 km away
[2021-04-30 19:32:46][INFO] P.sitchensis-lutzii, svinnes, eKlima station no. 76530, 4 km away
[2021-04-30 19:37:19][INFO] P.sitchensis-lutzii, toegjefjellet, NORA10BC site 25, 0 km away
[2021-04-30 19:39:46][INFO] P.sitchensis-lutzii, valan, eKlima station no. 76530, 1 km away
[2021-04-30 19:45:42][INFO] P.sitchensis-lutzii, veggjaberget, NORA10BC site 45, 0 km away
[2021-04-30 19:48:43][INFO] P.sitchensis-lutzii, vikra, NORA10BC site 46, 0 km away
[2021-04-30 19:51:53][INFO] P.sitchensis-lutzii, voren, NORA10BC site 26, 0 km away
